<?xml version="1.0" encoding="UTF-8"?>
<testsuite xmlns:xsi="http://www.w3.org/2001/XMLSchema-instance" xsi:noNamespaceSchemaLocation="https://maven.apache.org/surefire/maven-surefire-plugin/xsd/surefire-test-report.xsd" version="3.0.2" name="org.maity.mycelia.EmployeeManagementServiceApplicationTests" time="3.101" tests="1" errors="0" skipped="0" failures="0">
  <properties>
    <property name="java.specification.version" value="24"/>
    <property name="sun.cpu.isalist" value="amd64"/>
    <property name="sun.jnu.encoding" value="Cp1252"/>
    <property name="java.class.path" value="C:\Users\bishal\Downloads\employee-management-service\target\test-classes;C:\Users\bishal\Downloads\employee-management-service\target\classes;C:\Users\bishal\.m2\repository\org\springframework\boot\spring-boot-starter-security\4.0.0-M2\spring-boot-starter-security-4.0.0-M2.jar;C:\Users\bishal\.m2\repository\org\springframework\boot\spring-boot-starter\4.0.0-M2\spring-boot-starter-4.0.0-M2.jar;C:\Users\bishal\.m2\repository\org\springframework\boot\spring-boot-starter-logging\4.0.0-M2\spring-boot-starter-logging-4.0.0-M2.jar;C:\Users\bishal\.m2\repository\ch\qos\logback\logback-classic\1.5.18\logback-classic-1.5.18.jar;C:\Users\bishal\.m2\repository\ch\qos\logback\logback-core\1.5.18\logback-core-1.5.18.jar;C:\Users\bishal\.m2\repository\org\apache\logging\log4j\log4j-to-slf4j\2.24.3\log4j-to-slf4j-2.24.3.jar;C:\Users\bishal\.m2\repository\org\apache\logging\log4j\log4j-api\2.24.3\log4j-api-2.24.3.jar;C:\Users\bishal\.m2\repository\org\slf4j\jul-to-slf4j\2.0.17\jul-to-slf4j-2.0.17.jar;C:\Users\bishal\.m2\repository\jakarta\annotation\jakarta.annotation-api\3.0.0\jakarta.annotation-api-3.0.0.jar;C:\Users\bishal\.m2\repository\org\yaml\snakeyaml\2.4\snakeyaml-2.4.jar;C:\Users\bishal\.m2\repository\org\springframework\boot\spring-boot-security\4.0.0-M2\spring-boot-security-4.0.0-M2.jar;C:\Users\bishal\.m2\repository\org\springframework\security\spring-security-config\7.0.0-M2\spring-security-config-7.0.0-M2.jar;C:\Users\bishal\.m2\repository\org\springframework\spring-aop\7.0.0-M8\spring-aop-7.0.0-M8.jar;C:\Users\bishal\.m2\repository\org\springframework\spring-beans\7.0.0-M8\spring-beans-7.0.0-M8.jar;C:\Users\bishal\.m2\repository\org\springframework\modulith\spring-modulith-starter-core\2.0.0-M2\spring-modulith-starter-core-2.0.0-M2.jar;C:\Users\bishal\.m2\repository\org\springframework\modulith\spring-modulith-api\2.0.0-M2\spring-modulith-api-2.0.0-M2.jar;C:\Users\bishal\.m2\repository\org\jspecify\jspecify\1.0.0\jspecify-1.0.0.jar;C:\Users\bishal\.m2\repository\org\springframework\modulith\spring-modulith-apt\2.0.0-M2\spring-modulith-apt-2.0.0-M2.jar;C:\Users\bishal\.m2\repository\org\springframework\boot\spring-boot-configuration-processor\4.0.0-M2\spring-boot-configuration-processor-4.0.0-M2.jar;C:\Users\bishal\.m2\repository\org\springframework\modulith\spring-modulith-core\2.0.0-M2\spring-modulith-core-2.0.0-M2.jar;C:\Users\bishal\.m2\repository\com\tngtech\archunit\archunit\1.4.1\archunit-1.4.1.jar;C:\Users\bishal\.m2\repository\org\springframework\spring-context\7.0.0-M8\spring-context-7.0.0-M8.jar;C:\Users\bishal\.m2\repository\org\springframework\modulith\spring-modulith-moments\2.0.0-M2\spring-modulith-moments-2.0.0-M2.jar;C:\Users\bishal\.m2\repository\org\jmolecules\jmolecules-events\1.10.0\jmolecules-events-1.10.0.jar;C:\Users\bishal\.m2\repository\org\springframework\boot\spring-boot-devtools\4.0.0-M2\spring-boot-devtools-4.0.0-M2.jar;C:\Users\bishal\.m2\repository\org\springframework\boot\spring-boot\4.0.0-M2\spring-boot-4.0.0-M2.jar;C:\Users\bishal\.m2\repository\org\springframework\boot\spring-boot-autoconfigure\4.0.0-M2\spring-boot-autoconfigure-4.0.0-M2.jar;C:\Users\bishal\.m2\repository\org\springframework\boot\spring-boot-starter-test\4.0.0-M2\spring-boot-starter-test-4.0.0-M2.jar;C:\Users\bishal\.m2\repository\org\springframework\boot\spring-boot-test\4.0.0-M2\spring-boot-test-4.0.0-M2.jar;C:\Users\bishal\.m2\repository\org\springframework\boot\spring-boot-restclient-test\4.0.0-M2\spring-boot-restclient-test-4.0.0-M2.jar;C:\Users\bishal\.m2\repository\org\springframework\boot\spring-boot-test-autoconfigure\4.0.0-M2\spring-boot-test-autoconfigure-4.0.0-M2.jar;C:\Users\bishal\.m2\repository\org\springframework\boot\spring-boot-web-server-test\4.0.0-M2\spring-boot-web-server-test-4.0.0-M2.jar;C:\Users\bishal\.m2\repository\com\jayway\jsonpath\json-path\2.9.0\json-path-2.9.0.jar;C:\Users\bishal\.m2\repository\org\slf4j\slf4j-api\2.0.17\slf4j-api-2.0.17.jar;C:\Users\bishal\.m2\repository\jakarta\xml\bind\jakarta.xml.bind-api\4.0.2\jakarta.xml.bind-api-4.0.2.jar;C:\Users\bishal\.m2\repository\jakarta\activation\jakarta.activation-api\2.1.3\jakarta.activation-api-2.1.3.jar;C:\Users\bishal\.m2\repository\net\minidev\json-smart\2.6.0\json-smart-2.6.0.jar;C:\Users\bishal\.m2\repository\net\minidev\accessors-smart\2.6.0\accessors-smart-2.6.0.jar;C:\Users\bishal\.m2\repository\org\ow2\asm\asm\9.7.1\asm-9.7.1.jar;C:\Users\bishal\.m2\repository\org\assertj\assertj-core\3.27.4\assertj-core-3.27.4.jar;C:\Users\bishal\.m2\repository\net\bytebuddy\byte-buddy\1.17.7\byte-buddy-1.17.7.jar;C:\Users\bishal\.m2\repository\org\awaitility\awaitility\4.3.0\awaitility-4.3.0.jar;C:\Users\bishal\.m2\repository\org\hamcrest\hamcrest\3.0\hamcrest-3.0.jar;C:\Users\bishal\.m2\repository\org\junit\jupiter\junit-jupiter\5.13.4\junit-jupiter-5.13.4.jar;C:\Users\bishal\.m2\repository\org\junit\jupiter\junit-jupiter-api\5.13.4\junit-jupiter-api-5.13.4.jar;C:\Users\bishal\.m2\repository\org\opentest4j\opentest4j\1.3.0\opentest4j-1.3.0.jar;C:\Users\bishal\.m2\repository\org\junit\platform\junit-platform-commons\1.13.4\junit-platform-commons-1.13.4.jar;C:\Users\bishal\.m2\repository\org\apiguardian\apiguardian-api\1.1.2\apiguardian-api-1.1.2.jar;C:\Users\bishal\.m2\repository\org\junit\jupiter\junit-jupiter-params\5.13.4\junit-jupiter-params-5.13.4.jar;C:\Users\bishal\.m2\repository\org\junit\jupiter\junit-jupiter-engine\5.13.4\junit-jupiter-engine-5.13.4.jar;C:\Users\bishal\.m2\repository\org\junit\platform\junit-platform-engine\1.13.4\junit-platform-engine-1.13.4.jar;C:\Users\bishal\.m2\repository\org\mockito\mockito-core\5.19.0\mockito-core-5.19.0.jar;C:\Users\bishal\.m2\repository\net\bytebuddy\byte-buddy-agent\1.17.7\byte-buddy-agent-1.17.7.jar;C:\Users\bishal\.m2\repository\org\objenesis\objenesis\3.3\objenesis-3.3.jar;C:\Users\bishal\.m2\repository\org\mockito\mockito-junit-jupiter\5.19.0\mockito-junit-jupiter-5.19.0.jar;C:\Users\bishal\.m2\repository\org\skyscreamer\jsonassert\1.5.3\jsonassert-1.5.3.jar;C:\Users\bishal\.m2\repository\com\vaadin\external\google\android-json\0.0.20131108.vaadin1\android-json-0.0.20131108.vaadin1.jar;C:\Users\bishal\.m2\repository\org\springframework\spring-core\7.0.0-M8\spring-core-7.0.0-M8.jar;C:\Users\bishal\.m2\repository\commons-logging\commons-logging\1.3.5\commons-logging-1.3.5.jar;C:\Users\bishal\.m2\repository\org\springframework\spring-test\7.0.0-M8\spring-test-7.0.0-M8.jar;C:\Users\bishal\.m2\repository\org\xmlunit\xmlunit-core\2.10.3\xmlunit-core-2.10.3.jar;C:\Users\bishal\.m2\repository\org\springframework\modulith\spring-modulith-starter-test\2.0.0-M2\spring-modulith-starter-test-2.0.0-M2.jar;C:\Users\bishal\.m2\repository\org\springframework\modulith\spring-modulith-test\2.0.0-M2\spring-modulith-test-2.0.0-M2.jar;C:\Users\bishal\.m2\repository\org\springframework\spring-tx\7.0.0-M8\spring-tx-7.0.0-M8.jar;C:\Users\bishal\.m2\repository\org\springframework\modulith\spring-modulith-docs\2.0.0-M2\spring-modulith-docs-2.0.0-M2.jar;C:\Users\bishal\.m2\repository\com\structurizr\structurizr-core\4.1.0\structurizr-core-4.1.0.jar;C:\Users\bishal\.m2\repository\com\fasterxml\jackson\core\jackson-annotations\2.20-rc1\jackson-annotations-2.20-rc1.jar;C:\Users\bishal\.m2\repository\com\google\code\findbugs\jsr305\3.0.2\jsr305-3.0.2.jar;C:\Users\bishal\.m2\repository\com\structurizr\structurizr-export\4.1.0\structurizr-export-4.1.0.jar;C:\Users\bishal\.m2\repository\org\springframework\security\spring-security-test\7.0.0-M2\spring-security-test-7.0.0-M2.jar;C:\Users\bishal\.m2\repository\org\springframework\security\spring-security-core\7.0.0-M2\spring-security-core-7.0.0-M2.jar;C:\Users\bishal\.m2\repository\org\springframework\security\spring-security-crypto\7.0.0-M2\spring-security-crypto-7.0.0-M2.jar;C:\Users\bishal\.m2\repository\org\springframework\spring-expression\7.0.0-M8\spring-expression-7.0.0-M8.jar;C:\Users\bishal\.m2\repository\io\micrometer\micrometer-observation\1.16.0-M2\micrometer-observation-1.16.0-M2.jar;C:\Users\bishal\.m2\repository\io\micrometer\micrometer-commons\1.16.0-M2\micrometer-commons-1.16.0-M2.jar;C:\Users\bishal\.m2\repository\org\springframework\security\spring-security-web\7.0.0-M2\spring-security-web-7.0.0-M2.jar;C:\Users\bishal\.m2\repository\org\springframework\spring-web\7.0.0-M8\spring-web-7.0.0-M8.jar;C:\Users\bishal\.m2\repository\org\springframework\boot\spring-boot-starter-web\4.0.0-M2\spring-boot-starter-web-4.0.0-M2.jar;C:\Users\bishal\.m2\repository\org\springframework\boot\spring-boot-starter-jackson\4.0.0-M2\spring-boot-starter-jackson-4.0.0-M2.jar;C:\Users\bishal\.m2\repository\org\springframework\boot\spring-boot-jackson\4.0.0-M2\spring-boot-jackson-4.0.0-M2.jar;C:\Users\bishal\.m2\repository\com\fasterxml\jackson\core\jackson-databind\2.20.0-rc1\jackson-databind-2.20.0-rc1.jar;C:\Users\bishal\.m2\repository\com\fasterxml\jackson\datatype\jackson-datatype-jdk8\2.20.0-rc1\jackson-datatype-jdk8-2.20.0-rc1.jar;C:\Users\bishal\.m2\repository\com\fasterxml\jackson\core\jackson-core\2.20.0-rc1\jackson-core-2.20.0-rc1.jar;C:\Users\bishal\.m2\repository\com\fasterxml\jackson\datatype\jackson-datatype-jsr310\2.20.0-rc1\jackson-datatype-jsr310-2.20.0-rc1.jar;C:\Users\bishal\.m2\repository\com\fasterxml\jackson\module\jackson-module-parameter-names\2.20.0-rc1\jackson-module-parameter-names-2.20.0-rc1.jar;C:\Users\bishal\.m2\repository\org\springframework\boot\spring-boot-starter-tomcat\4.0.0-M2\spring-boot-starter-tomcat-4.0.0-M2.jar;C:\Users\bishal\.m2\repository\org\springframework\boot\spring-boot-tomcat\4.0.0-M2\spring-boot-tomcat-4.0.0-M2.jar;C:\Users\bishal\.m2\repository\org\springframework\boot\spring-boot-web-server\4.0.0-M2\spring-boot-web-server-4.0.0-M2.jar;C:\Users\bishal\.m2\repository\org\apache\tomcat\embed\tomcat-embed-core\11.0.10\tomcat-embed-core-11.0.10.jar;C:\Users\bishal\.m2\repository\org\apache\tomcat\embed\tomcat-embed-el\11.0.10\tomcat-embed-el-11.0.10.jar;C:\Users\bishal\.m2\repository\org\apache\tomcat\embed\tomcat-embed-websocket\11.0.10\tomcat-embed-websocket-11.0.10.jar;C:\Users\bishal\.m2\repository\org\springframework\boot\spring-boot-http-converter\4.0.0-M2\spring-boot-http-converter-4.0.0-M2.jar;C:\Users\bishal\.m2\repository\org\springframework\boot\spring-boot-webmvc\4.0.0-M2\spring-boot-webmvc-4.0.0-M2.jar;C:\Users\bishal\.m2\repository\org\springframework\boot\spring-boot-servlet\4.0.0-M2\spring-boot-servlet-4.0.0-M2.jar;C:\Users\bishal\.m2\repository\org\springframework\spring-webmvc\7.0.0-M8\spring-webmvc-7.0.0-M8.jar;"/>
    <property name="java.vm.vendor" value="Eclipse Adoptium"/>
    <property name="sun.arch.data.model" value="64"/>
    <property name="user.variant" value=""/>
    <property name="java.vendor.url" value="https://adoptium.net/"/>
    <property name="user.timezone" value="Asia/Calcutta"/>
    <property name="os.name" value="Windows 11"/>
    <property name="java.vm.specification.version" value="24"/>
    <property name="APPLICATION_NAME" value="employee-management-service"/>
    <property name="sun.java.launcher" value="SUN_STANDARD"/>
    <property name="user.country" value="IN"/>
    <property name="sun.boot.library.path" value="C:\Program Files\Eclipse Adoptium\jdk-24.0.2.12-hotspot\bin"/>
    <property name="sun.java.command" value="C:\Users\bishal\AppData\Local\Temp\surefire4852508068221266050\surefirebooter-20250905174534951_3.jar C:\Users\bishal\AppData\Local\Temp\surefire4852508068221266050 2025-09-05T17-45-34_624-jvmRun1 surefire-20250905174534951_1tmp surefire_0-20250905174534951_2tmp"/>
    <property name="jdk.debug" value="release"/>
    <property name="surefire.test.class.path" value="C:\Users\bishal\Downloads\employee-management-service\target\test-classes;C:\Users\bishal\Downloads\employee-management-service\target\classes;C:\Users\bishal\.m2\repository\org\springframework\boot\spring-boot-starter-security\4.0.0-M2\spring-boot-starter-security-4.0.0-M2.jar;C:\Users\bishal\.m2\repository\org\springframework\boot\spring-boot-starter\4.0.0-M2\spring-boot-starter-4.0.0-M2.jar;C:\Users\bishal\.m2\repository\org\springframework\boot\spring-boot-starter-logging\4.0.0-M2\spring-boot-starter-logging-4.0.0-M2.jar;C:\Users\bishal\.m2\repository\ch\qos\logback\logback-classic\1.5.18\logback-classic-1.5.18.jar;C:\Users\bishal\.m2\repository\ch\qos\logback\logback-core\1.5.18\logback-core-1.5.18.jar;C:\Users\bishal\.m2\repository\org\apache\logging\log4j\log4j-to-slf4j\2.24.3\log4j-to-slf4j-2.24.3.jar;C:\Users\bishal\.m2\repository\org\apache\logging\log4j\log4j-api\2.24.3\log4j-api-2.24.3.jar;C:\Users\bishal\.m2\repository\org\slf4j\jul-to-slf4j\2.0.17\jul-to-slf4j-2.0.17.jar;C:\Users\bishal\.m2\repository\jakarta\annotation\jakarta.annotation-api\3.0.0\jakarta.annotation-api-3.0.0.jar;C:\Users\bishal\.m2\repository\org\yaml\snakeyaml\2.4\snakeyaml-2.4.jar;C:\Users\bishal\.m2\repository\org\springframework\boot\spring-boot-security\4.0.0-M2\spring-boot-security-4.0.0-M2.jar;C:\Users\bishal\.m2\repository\org\springframework\security\spring-security-config\7.0.0-M2\spring-security-config-7.0.0-M2.jar;C:\Users\bishal\.m2\repository\org\springframework\spring-aop\7.0.0-M8\spring-aop-7.0.0-M8.jar;C:\Users\bishal\.m2\repository\org\springframework\spring-beans\7.0.0-M8\spring-beans-7.0.0-M8.jar;C:\Users\bishal\.m2\repository\org\springframework\modulith\spring-modulith-starter-core\2.0.0-M2\spring-modulith-starter-core-2.0.0-M2.jar;C:\Users\bishal\.m2\repository\org\springframework\modulith\spring-modulith-api\2.0.0-M2\spring-modulith-api-2.0.0-M2.jar;C:\Users\bishal\.m2\repository\org\jspecify\jspecify\1.0.0\jspecify-1.0.0.jar;C:\Users\bishal\.m2\repository\org\springframework\modulith\spring-modulith-apt\2.0.0-M2\spring-modulith-apt-2.0.0-M2.jar;C:\Users\bishal\.m2\repository\org\springframework\boot\spring-boot-configuration-processor\4.0.0-M2\spring-boot-configuration-processor-4.0.0-M2.jar;C:\Users\bishal\.m2\repository\org\springframework\modulith\spring-modulith-core\2.0.0-M2\spring-modulith-core-2.0.0-M2.jar;C:\Users\bishal\.m2\repository\com\tngtech\archunit\archunit\1.4.1\archunit-1.4.1.jar;C:\Users\bishal\.m2\repository\org\springframework\spring-context\7.0.0-M8\spring-context-7.0.0-M8.jar;C:\Users\bishal\.m2\repository\org\springframework\modulith\spring-modulith-moments\2.0.0-M2\spring-modulith-moments-2.0.0-M2.jar;C:\Users\bishal\.m2\repository\org\jmolecules\jmolecules-events\1.10.0\jmolecules-events-1.10.0.jar;C:\Users\bishal\.m2\repository\org\springframework\boot\spring-boot-devtools\4.0.0-M2\spring-boot-devtools-4.0.0-M2.jar;C:\Users\bishal\.m2\repository\org\springframework\boot\spring-boot\4.0.0-M2\spring-boot-4.0.0-M2.jar;C:\Users\bishal\.m2\repository\org\springframework\boot\spring-boot-autoconfigure\4.0.0-M2\spring-boot-autoconfigure-4.0.0-M2.jar;C:\Users\bishal\.m2\repository\org\springframework\boot\spring-boot-starter-test\4.0.0-M2\spring-boot-starter-test-4.0.0-M2.jar;C:\Users\bishal\.m2\repository\org\springframework\boot\spring-boot-test\4.0.0-M2\spring-boot-test-4.0.0-M2.jar;C:\Users\bishal\.m2\repository\org\springframework\boot\spring-boot-restclient-test\4.0.0-M2\spring-boot-restclient-test-4.0.0-M2.jar;C:\Users\bishal\.m2\repository\org\springframework\boot\spring-boot-test-autoconfigure\4.0.0-M2\spring-boot-test-autoconfigure-4.0.0-M2.jar;C:\Users\bishal\.m2\repository\org\springframework\boot\spring-boot-web-server-test\4.0.0-M2\spring-boot-web-server-test-4.0.0-M2.jar;C:\Users\bishal\.m2\repository\com\jayway\jsonpath\json-path\2.9.0\json-path-2.9.0.jar;C:\Users\bishal\.m2\repository\org\slf4j\slf4j-api\2.0.17\slf4j-api-2.0.17.jar;C:\Users\bishal\.m2\repository\jakarta\xml\bind\jakarta.xml.bind-api\4.0.2\jakarta.xml.bind-api-4.0.2.jar;C:\Users\bishal\.m2\repository\jakarta\activation\jakarta.activation-api\2.1.3\jakarta.activation-api-2.1.3.jar;C:\Users\bishal\.m2\repository\net\minidev\json-smart\2.6.0\json-smart-2.6.0.jar;C:\Users\bishal\.m2\repository\net\minidev\accessors-smart\2.6.0\accessors-smart-2.6.0.jar;C:\Users\bishal\.m2\repository\org\ow2\asm\asm\9.7.1\asm-9.7.1.jar;C:\Users\bishal\.m2\repository\org\assertj\assertj-core\3.27.4\assertj-core-3.27.4.jar;C:\Users\bishal\.m2\repository\net\bytebuddy\byte-buddy\1.17.7\byte-buddy-1.17.7.jar;C:\Users\bishal\.m2\repository\org\awaitility\awaitility\4.3.0\awaitility-4.3.0.jar;C:\Users\bishal\.m2\repository\org\hamcrest\hamcrest\3.0\hamcrest-3.0.jar;C:\Users\bishal\.m2\repository\org\junit\jupiter\junit-jupiter\5.13.4\junit-jupiter-5.13.4.jar;C:\Users\bishal\.m2\repository\org\junit\jupiter\junit-jupiter-api\5.13.4\junit-jupiter-api-5.13.4.jar;C:\Users\bishal\.m2\repository\org\opentest4j\opentest4j\1.3.0\opentest4j-1.3.0.jar;C:\Users\bishal\.m2\repository\org\junit\platform\junit-platform-commons\1.13.4\junit-platform-commons-1.13.4.jar;C:\Users\bishal\.m2\repository\org\apiguardian\apiguardian-api\1.1.2\apiguardian-api-1.1.2.jar;C:\Users\bishal\.m2\repository\org\junit\jupiter\junit-jupiter-params\5.13.4\junit-jupiter-params-5.13.4.jar;C:\Users\bishal\.m2\repository\org\junit\jupiter\junit-jupiter-engine\5.13.4\junit-jupiter-engine-5.13.4.jar;C:\Users\bishal\.m2\repository\org\junit\platform\junit-platform-engine\1.13.4\junit-platform-engine-1.13.4.jar;C:\Users\bishal\.m2\repository\org\mockito\mockito-core\5.19.0\mockito-core-5.19.0.jar;C:\Users\bishal\.m2\repository\net\bytebuddy\byte-buddy-agent\1.17.7\byte-buddy-agent-1.17.7.jar;C:\Users\bishal\.m2\repository\org\objenesis\objenesis\3.3\objenesis-3.3.jar;C:\Users\bishal\.m2\repository\org\mockito\mockito-junit-jupiter\5.19.0\mockito-junit-jupiter-5.19.0.jar;C:\Users\bishal\.m2\repository\org\skyscreamer\jsonassert\1.5.3\jsonassert-1.5.3.jar;C:\Users\bishal\.m2\repository\com\vaadin\external\google\android-json\0.0.20131108.vaadin1\android-json-0.0.20131108.vaadin1.jar;C:\Users\bishal\.m2\repository\org\springframework\spring-core\7.0.0-M8\spring-core-7.0.0-M8.jar;C:\Users\bishal\.m2\repository\commons-logging\commons-logging\1.3.5\commons-logging-1.3.5.jar;C:\Users\bishal\.m2\repository\org\springframework\spring-test\7.0.0-M8\spring-test-7.0.0-M8.jar;C:\Users\bishal\.m2\repository\org\xmlunit\xmlunit-core\2.10.3\xmlunit-core-2.10.3.jar;C:\Users\bishal\.m2\repository\org\springframework\modulith\spring-modulith-starter-test\2.0.0-M2\spring-modulith-starter-test-2.0.0-M2.jar;C:\Users\bishal\.m2\repository\org\springframework\modulith\spring-modulith-test\2.0.0-M2\spring-modulith-test-2.0.0-M2.jar;C:\Users\bishal\.m2\repository\org\springframework\spring-tx\7.0.0-M8\spring-tx-7.0.0-M8.jar;C:\Users\bishal\.m2\repository\org\springframework\modulith\spring-modulith-docs\2.0.0-M2\spring-modulith-docs-2.0.0-M2.jar;C:\Users\bishal\.m2\repository\com\structurizr\structurizr-core\4.1.0\structurizr-core-4.1.0.jar;C:\Users\bishal\.m2\repository\com\fasterxml\jackson\core\jackson-annotations\2.20-rc1\jackson-annotations-2.20-rc1.jar;C:\Users\bishal\.m2\repository\com\google\code\findbugs\jsr305\3.0.2\jsr305-3.0.2.jar;C:\Users\bishal\.m2\repository\com\structurizr\structurizr-export\4.1.0\structurizr-export-4.1.0.jar;C:\Users\bishal\.m2\repository\org\springframework\security\spring-security-test\7.0.0-M2\spring-security-test-7.0.0-M2.jar;C:\Users\bishal\.m2\repository\org\springframework\security\spring-security-core\7.0.0-M2\spring-security-core-7.0.0-M2.jar;C:\Users\bishal\.m2\repository\org\springframework\security\spring-security-crypto\7.0.0-M2\spring-security-crypto-7.0.0-M2.jar;C:\Users\bishal\.m2\repository\org\springframework\spring-expression\7.0.0-M8\spring-expression-7.0.0-M8.jar;C:\Users\bishal\.m2\repository\io\micrometer\micrometer-observation\1.16.0-M2\micrometer-observation-1.16.0-M2.jar;C:\Users\bishal\.m2\repository\io\micrometer\micrometer-commons\1.16.0-M2\micrometer-commons-1.16.0-M2.jar;C:\Users\bishal\.m2\repository\org\springframework\security\spring-security-web\7.0.0-M2\spring-security-web-7.0.0-M2.jar;C:\Users\bishal\.m2\repository\org\springframework\spring-web\7.0.0-M8\spring-web-7.0.0-M8.jar;C:\Users\bishal\.m2\repository\org\springframework\boot\spring-boot-starter-web\4.0.0-M2\spring-boot-starter-web-4.0.0-M2.jar;C:\Users\bishal\.m2\repository\org\springframework\boot\spring-boot-starter-jackson\4.0.0-M2\spring-boot-starter-jackson-4.0.0-M2.jar;C:\Users\bishal\.m2\repository\org\springframework\boot\spring-boot-jackson\4.0.0-M2\spring-boot-jackson-4.0.0-M2.jar;C:\Users\bishal\.m2\repository\com\fasterxml\jackson\core\jackson-databind\2.20.0-rc1\jackson-databind-2.20.0-rc1.jar;C:\Users\bishal\.m2\repository\com\fasterxml\jackson\datatype\jackson-datatype-jdk8\2.20.0-rc1\jackson-datatype-jdk8-2.20.0-rc1.jar;C:\Users\bishal\.m2\repository\com\fasterxml\jackson\core\jackson-core\2.20.0-rc1\jackson-core-2.20.0-rc1.jar;C:\Users\bishal\.m2\repository\com\fasterxml\jackson\datatype\jackson-datatype-jsr310\2.20.0-rc1\jackson-datatype-jsr310-2.20.0-rc1.jar;C:\Users\bishal\.m2\repository\com\fasterxml\jackson\module\jackson-module-parameter-names\2.20.0-rc1\jackson-module-parameter-names-2.20.0-rc1.jar;C:\Users\bishal\.m2\repository\org\springframework\boot\spring-boot-starter-tomcat\4.0.0-M2\spring-boot-starter-tomcat-4.0.0-M2.jar;C:\Users\bishal\.m2\repository\org\springframework\boot\spring-boot-tomcat\4.0.0-M2\spring-boot-tomcat-4.0.0-M2.jar;C:\Users\bishal\.m2\repository\org\springframework\boot\spring-boot-web-server\4.0.0-M2\spring-boot-web-server-4.0.0-M2.jar;C:\Users\bishal\.m2\repository\org\apache\tomcat\embed\tomcat-embed-core\11.0.10\tomcat-embed-core-11.0.10.jar;C:\Users\bishal\.m2\repository\org\apache\tomcat\embed\tomcat-embed-el\11.0.10\tomcat-embed-el-11.0.10.jar;C:\Users\bishal\.m2\repository\org\apache\tomcat\embed\tomcat-embed-websocket\11.0.10\tomcat-embed-websocket-11.0.10.jar;C:\Users\bishal\.m2\repository\org\springframework\boot\spring-boot-http-converter\4.0.0-M2\spring-boot-http-converter-4.0.0-M2.jar;C:\Users\bishal\.m2\repository\org\springframework\boot\spring-boot-webmvc\4.0.0-M2\spring-boot-webmvc-4.0.0-M2.jar;C:\Users\bishal\.m2\repository\org\springframework\boot\spring-boot-servlet\4.0.0-M2\spring-boot-servlet-4.0.0-M2.jar;C:\Users\bishal\.m2\repository\org\springframework\spring-webmvc\7.0.0-M8\spring-webmvc-7.0.0-M8.jar;"/>
    <property name="sun.cpu.endian" value="little"/>
    <property name="user.home" value="C:\Users\bishal"/>
    <property name="user.language" value="en"/>
    <property name="java.specification.vendor" value="Oracle Corporation"/>
    <property name="java.version.date" value="2025-07-15"/>
    <property name="java.home" value="C:\Program Files\Eclipse Adoptium\jdk-24.0.2.12-hotspot"/>
    <property name="file.separator" value="\"/>
    <property name="basedir" value="C:\Users\bishal\Downloads\employee-management-service"/>
    <property name="java.vm.compressedOopsMode" value="Zero based"/>
    <property name="line.separator" value="&#10;"/>
    <property name="java.vm.specification.vendor" value="Oracle Corporation"/>
    <property name="java.specification.name" value="Java Platform API Specification"/>
    <property name="FILE_LOG_CHARSET" value="UTF-8"/>
    <property name="java.awt.headless" value="true"/>
    <property name="surefire.real.class.path" value="C:\Users\bishal\AppData\Local\Temp\surefire4852508068221266050\surefirebooter-20250905174534951_3.jar"/>
    <property name="user.script" value=""/>
    <property name="sun.management.compiler" value="HotSpot 64-Bit Tiered Compilers"/>
    <property name="java.runtime.version" value="24.0.2+12"/>
    <property name="user.name" value="Alex"/>
    <property name="stdout.encoding" value="Cp1252"/>
    <property name="path.separator" value=";"/>
    <property name="os.version" value="10.0"/>
    <property name="java.runtime.name" value="OpenJDK Runtime Environment"/>
    <property name="file.encoding" value="UTF-8"/>
    <property name="java.vm.name" value="OpenJDK 64-Bit Server VM"/>
    <property name="java.vendor.version" value="Temurin-24.0.2+12"/>
    <property name="localRepository" value="C:\Users\bishal\.m2\repository"/>
    <property name="java.vendor.url.bug" value="https://github.com/adoptium/adoptium-support/issues"/>
    <property name="java.io.tmpdir" value="C:\Users\bishal\AppData\Local\Temp\"/>
    <property name="java.version" value="24.0.2"/>
    <property name="user.dir" value="C:\Users\bishal\Downloads\employee-management-service"/>
    <property name="os.arch" value="amd64"/>
    <property name="java.vm.specification.name" value="Java Virtual Machine Specification"/>
    <property name="PID" value="26452"/>
    <property name="sun.os.patch.level" value=""/>
    <property name="CONSOLE_LOG_CHARSET" value="windows-1252"/>
    <property name="native.encoding" value="Cp1252"/>
    <property name="java.library.path" value="C:\Program Files\Eclipse Adoptium\jdk-24.0.2.12-hotspot\bin;C:\WINDOWS\Sun\Java\bin;C:\WINDOWS\system32;C:\WINDOWS;C:\Program Files\Eclipse Adoptium\jdk-24.0.2.12-hotspot\bin;C:\Program Files\Eclipse Adoptium\jdk-21.0.8.9-hotspot\bin;C:\windows\system32;C:\windows;C:\windows\System32\Wbem;C:\windows\System32\WindowsPowerShell\v1.0\;C:\windows\System32\OpenSSH\;C:\Program Files\HP\HP One Agent;C:\WINDOWS\system32;C:\WINDOWS;C:\WINDOWS\System32\Wbem;C:\WINDOWS\System32\WindowsPowerShell\v1.0\;C:\WINDOWS\System32\OpenSSH\;C:\Program Files\nodejs\;C:\Program Files\Git\cmd;C:\Program Files\apache-maven-3.9.11\bin;C:\Users\bishal\AppData\Local\Microsoft\WindowsApps;C:\Users\bishal\AppData\Local\Programs\Microsoft VS Code\bin;C:\Users\bishal\AppData\Local\Packages\PythonSoftwareFoundation.Python.3.13_qbz5n2kfra8p0\LocalCache\local-packages\Python313\Scripts;C:\Users\bishal\Downloads\ffmpeg-7.1.1-full_build\bin;C:\Users\bishal\AppData\Local\Programs\MiKTeX\miktex\bin\x64\;C:\Users\bishal\AppData\Roaming\npm;."/>
    <property name="java.vm.info" value="mixed mode, sharing"/>
    <property name="stderr.encoding" value="Cp1252"/>
    <property name="java.vendor" value="Eclipse Adoptium"/>
    <property name="java.vm.version" value="24.0.2+12"/>
    <property name="sun.io.unicode.encoding" value="UnicodeLittle"/>
    <property name="java.class.version" value="68.0"/>
    <property name="LOGGED_APPLICATION_NAME" value="[employee-management-service] "/>
  </properties>
  <testcase name="contextLoads" classname="org.maity.mycelia.EmployeeManagementServiceApplicationTests" time="0.964">
    <system-out><![CDATA[17:45:35.920 [main] INFO org.springframework.test.context.support.AnnotationConfigContextLoaderUtils -- Could not detect default configuration classes for test class [org.maity.mycelia.EmployeeManagementServiceApplicationTests]: EmployeeManagementServiceApplicationTests does not declare any static, non-private, non-final, nested classes annotated with @Configuration.
17:45:36.046 [main] INFO org.springframework.boot.test.context.SpringBootTestContextBootstrapper -- Found @SpringBootConfiguration org.maity.mycelia.EmployeeManagementServiceApplication for test class org.maity.mycelia.EmployeeManagementServiceApplicationTests
17:45:36.204 [main] INFO org.springframework.boot.devtools.restart.RestartApplicationListener -- Restart disabled due to context in which it is running

  .   ____          _            __ _ _
 /\\ / ___'_ __ _ _(_)_ __  __ _ \ \ \ \
( ( )\___ | '_ | '_| | '_ \/ _` | \ \ \ \
 \\/  ___)| |_)| | | | | || (_| |  ) ) ) )
  '  |____| .__|_| |_|_| |_\__, | / / / /
 =========|_|==============|___/=/_/_/_/

 :: Spring Boot ::             (v4.0.0-M2)

2025-09-05T17:45:36.493+05:30  INFO 26452 --- [employee-management-service] [           main] mployeeManagementServiceApplicationTests : Starting EmployeeManagementServiceApplicationTests using Java 24.0.2 with PID 26452 (started by Alex in C:\Users\bishal\Downloads\employee-management-service)
2025-09-05T17:45:36.494+05:30  INFO 26452 --- [employee-management-service] [           main] mployeeManagementServiceApplicationTests : No active profile set, falling back to 1 default profile: "default"
2025-09-05T17:45:37.642+05:30  WARN 26452 --- [employee-management-service] [           main] .a.s.UserDetailsServiceAutoConfiguration : 

Using generated security password: defbaa3c-cd50-4c7e-a666-c63a35d3947b

This generated password is for development use only. Your security configuration must be updated before running your application in production.

2025-09-05T17:45:37.648+05:30  INFO 26452 --- [employee-management-service] [           main] r$InitializeUserDetailsManagerConfigurer : Global AuthenticationManager configured with UserDetailsService bean with name inMemoryUserDetailsManager
2025-09-05T17:45:37.852+05:30  INFO 26452 --- [employee-management-service] [           main] o.s.s.config.TaskSchedulerRouter         : No TaskScheduler/ScheduledExecutorService bean found for scheduled processing
2025-09-05T17:45:37.858+05:30  INFO 26452 --- [employee-management-service] [           main] mployeeManagementServiceApplicationTests : Started EmployeeManagementServiceApplicationTests in 1.668 seconds (process running for 2.69)
]]></system-out>
    <system-err><![CDATA[Mockito is currently self-attaching to enable the inline-mock-maker. This will no longer work in future releases of the JDK. Please add Mockito as an agent to your build as described in Mockito's documentation: https://javadoc.io/doc/org.mockito/mockito-core/latest/org.mockito/org/mockito/Mockito.html#0.3
WARNING: A Java agent has been loaded dynamically (C:\Users\bishal\.m2\repository\net\bytebuddy\byte-buddy-agent\1.17.7\byte-buddy-agent-1.17.7.jar)
WARNING: If a serviceability tool is in use, please run with -XX:+EnableDynamicAgentLoading to hide this warning
WARNING: If a serviceability tool is not in use, please run with -Djdk.instrument.traceUsage for more information
WARNING: Dynamic loading of agents will be disallowed by default in a future release
]]></system-err>
  </testcase>
</testsuite>